timestamp: 2009-07-20T00:11:36.878247
CREATE TABLE oid_associations(
	id INTEGER PRIMARY KEY AUTOINCREMENT,
	server_url CHAR(2047),
	handle CHAR(255),
	secret BLOB,
	issued INTEGER,
	lifetime INTEGER,
	assoc_type CHAR(64)
);
success!
timestamp: 2009-07-20T00:11:36.887113
CREATE TABLE oid_nonces(
	id INTEGER PRIMARY KEY AUTOINCREMENT,
	server_url CHAR(2047),
	timestamp INTEGER,
	salt CHAR(40)
);
success!
timestamp: 2009-07-20T00:11:36.897219
CREATE TABLE oid_users(
	id INTEGER PRIMARY KEY AUTOINCREMENT,
	nickname CHAR(32) UNIQUE,
	oid_name CHAR(32) UNIQUE,
	first_name CHAR(128),
	last_name CHAR(128),
	email CHAR(128),
	password CHAR(32),
	registration_key CHAR(128),
	dob DATE,
	gender CHAR(32),
	postcode CHAR(32),
	country CHAR(32),
	language CHAR(32),
	timezone CHAR(32)
);
success!
timestamp: 2009-07-20T00:11:36.916441
CREATE TABLE oid_trust(
	id INTEGER PRIMARY KEY AUTOINCREMENT,
	auth_user REFERENCES oid_users(id) ON DELETE CASCADE,
	trust_root CHAR(2047)
);
success!
timestamp: 2009-07-20T00:11:36.923879
CREATE TABLE oid_country_codes(
	id INTEGER PRIMARY KEY AUTOINCREMENT,
	code CHAR(2) UNIQUE,
	country CHAR(32)
);
success!
timestamp: 2009-07-20T00:11:36.931929
CREATE TABLE oid_lang_codes(
	id INTEGER PRIMARY KEY AUTOINCREMENT,
	code CHAR(2) UNIQUE,
	language CHAR(32)
);
success!
timestamp: 2009-07-20T00:11:36.939874
CREATE TABLE oid_timezones(
	id INTEGER PRIMARY KEY AUTOINCREMENT,
	timezone CHAR(32)
);
success!
timestamp: 2009-07-20T00:11:36.950302
CREATE TABLE auth_group(
	id INTEGER PRIMARY KEY AUTOINCREMENT,
	role CHAR(128),
	description TEXT
);
success!
timestamp: 2009-07-20T00:11:36.961475
CREATE TABLE auth_membership(
	id INTEGER PRIMARY KEY AUTOINCREMENT,
	user_id REFERENCES oid_users(id) ON DELETE CASCADE,
	group_id REFERENCES auth_group(id) ON DELETE CASCADE
);
success!
timestamp: 2009-07-20T00:11:36.987530
CREATE TABLE auth_permission(
	id INTEGER PRIMARY KEY AUTOINCREMENT,
	group_id REFERENCES auth_group(id) ON DELETE CASCADE,
	name CHAR(32),
	table_name CHAR(32),
	record_id INTEGER
);
success!
timestamp: 2009-07-20T00:11:37.002466
CREATE TABLE auth_event(
	id INTEGER PRIMARY KEY AUTOINCREMENT,
	time_stamp TIMESTAMP,
	client_ip CHAR(32),
	user_id REFERENCES oid_users(id) ON DELETE CASCADE,
	origin CHAR(32),
	description TEXT
);
success!
DELETE FROM oid_country_codes;
DELETE FROM sqlite_sequence WHERE name='oid_country_codes';
success!
DELETE FROM oid_lang_codes;
DELETE FROM sqlite_sequence WHERE name='oid_lang_codes';
success!
DELETE FROM oid_timezones;
DELETE FROM sqlite_sequence WHERE name='oid_timezones';
success!
